<?xml version="1.0" encoding="UTF-8"?>
<!-- Generated by org.testng.reporters.JUnitReportReporter -->
<testsuite hostname="LAPTOP-BJLM547G" failures="0" tests="3" name="com.mystore.testcases.TC_ProductPageTest" time="31.479" errors="0" timestamp="2024-01-25T23:59:42 IST" skipped="0">
  <testcase classname="com.mystore.testcases.TC_ProductPageTest" name="verifyTextOnHomePage" time="10.226"/>
  <system-out/>
  <testcase classname="com.mystore.testcases.TC_ProductPageTest" name="VerifyBuyProduct" time="18.696"/>
  <system-out/>
  <testcase classname="com.mystore.testcases.TC_ProductPageTest" name="VerifySearchProduct" time="2.557"/>
  <system-out/>
</testsuite> <!-- com.mystore.testcases.TC_ProductPageTest -->
