<?xml version="1.0" encoding="UTF-8"?>
<!-- Generated by org.testng.reporters.JUnitReportReporter -->
<testsuite hostname="LAPTOP-BJLM547G" failures="0" tests="3" name="com.mystore.testcases.TC_MyAccountPageTest" time="5.308" errors="0" timestamp="2024-01-23T17:59:35 IST" skipped="1">
  <testcase classname="com.mystore.testcases.TC_MyAccountPageTest" name="VerifySignOut" time="2.515"/>
  <system-out/>
  <testcase classname="com.mystore.testcases.TC_MyAccountPageTest" name="VerifyLogin" time="2.793"/>
  <system-out/>
  <testcase classname="com.mystore.testcases.TC_MyAccountPageTest" name="verifyRegisterationAndLogin">
    <skipped/>
  </testcase> <!-- verifyRegisterationAndLogin -->
  <system-out/>
</testsuite> <!-- com.mystore.testcases.TC_MyAccountPageTest -->
