<?xml version="1.0" encoding="UTF-8"?>
<!-- Generated by org.testng.reporters.JUnitReportReporter -->
<testsuite hostname="LAPTOP-BJLM547G" failures="0" tests="3" name="com.mystore.testcases.TC_ProductPageTest" time="33.579" errors="0" timestamp="2024-01-26T17:19:04 IST" skipped="0">
  <testcase classname="com.mystore.testcases.TC_ProductPageTest" name="verifyTextOnHomePage" time="10.304"/>
  <system-out/>
  <testcase classname="com.mystore.testcases.TC_ProductPageTest" name="VerifyBuyProduct" time="19.860"/>
  <system-out/>
  <testcase classname="com.mystore.testcases.TC_ProductPageTest" name="VerifySearchProduct" time="3.415"/>
  <system-out/>
</testsuite> <!-- com.mystore.testcases.TC_ProductPageTest -->
